TN:
SF:D:\PruebasUnitarias\src\polyfills.ts
FNF:0
FNH:0
LF:0
LH:0
BRF:0
BRH:0
end_of_record
TN:
SF:D:\PruebasUnitarias\src\test.ts
FN:18,(anonymous_0)
FNF:1
FNH:1
FNDA:1,(anonymous_0)
DA:17,1
DA:21,1
DA:26,1
DA:28,1
DA:29,1
LF:5
LH:5
BRF:0
BRH:0
end_of_record
TN:
SF:D:\PruebasUnitarias\src\app\app.component.ts
FN:5,AppComponent
FNF:1
FNH:0
FNDA:0,AppComponent
DA:10,1
DA:11,0
DA:25,1
LF:3
LH:2
BRF:0
BRH:0
end_of_record
TN:
SF:D:\PruebasUnitarias\src\app\calculator.ts
FN:1,(anonymous_0)
FN:2,(anonymous_2)
FN:5,(anonymous_3)
FN:12,(anonymous_4)
FNF:4
FNH:3
FNDA:4,(anonymous_0)
FNDA:1,(anonymous_2)
FNDA:0,(anonymous_3)
FNDA:1,(anonymous_4)
DA:1,1
DA:2,1
DA:3,1
DA:5,1
DA:7,0
DA:9,0
DA:12,1
DA:13,1
DA:22,1
LF:9
LH:7
BRF:0
BRH:0
end_of_record
